[2021/2/24 15:53:06] INFO:出库：{
  "code": 501,
  "msg": "参数校验异常: 该设备已出库",
  "data": null
}
868474041801729
 销售单id：1019

[2021/2/24 15:53:06] INFO:转正式客户：{
  "code": 0,
  "msg": null,
  "data": "发布成功"
}
868474041801729
 销售单id：1019

[2021/2/24 16:13:28] INFO:大箱绑定，IMEI扫描：111111111111111
4680

[2021/2/24 16:15:04] INFO:大箱绑定，IMEI扫描：444444444444444
大箱ID4680

[2021/2/24 16:15:54] INFO:大箱绑定，IMEI扫描：123456789123456
大箱ID4694

[2021/2/24 16:15:59] INFO:大箱绑定，IMEI扫描：222222222222222
大箱ID4694

[2021/2/24 16:16:03] INFO:大箱绑定，IMEI扫描：666666666666666
大箱ID4694

