[2021/3/3 12:34:15] INFO:[注册]扫描imei: 

[2021/3/3 12:34:49] INFO:[注册]扫描imei: 868474045497562

[2021/3/3 12:43:00] INFO:[注册]扫描imei: 867435051254515

[2021/3/3 12:43:30] INFO:[注册]扫描imei: 

[2021/3/3 12:44:49] INFO:[注册]扫描imei: 868474048232103

[2021/3/3 12:44:50] INFO:注册接口调用：{
  "msg": "success",
  "code": 0,
  "data": "注册到iot.device_detail成功"
}
868474048232103

[2021/3/3 12:44:57] INFO:删除接口调用：{
  "code": 0,
  "msg": null,
  "data": "删除成功"
}
868474048232103

[2021/3/3 12:45:46] INFO:[注册]扫描imei: 868474042654215

[2021/3/3 14:08:36] INFO:大箱绑定，IMEI扫描：333333333333333
大箱id:4731

[2021/3/3 14:36:30] INFO:大箱绑定，IMEI扫描：123456789123456
大箱id:

[2021/3/3 14:37:53] INFO:大箱绑定，IMEI扫描：123456789123456
大箱id:

[2021/3/3 14:45:09] INFO:大箱绑定，IMEI扫描：111111111111111
大箱id:4785

[2021/3/3 16:41:10] INFO:大箱绑定，IMEI扫描：123456789123456
大箱id:

[2021/3/3 16:44:12] INFO:大箱绑定，IMEI扫描：123456789123456
大箱id:

[2021/3/3 16:44:33] INFO:大箱绑定，IMEI扫描：111111111111111
大箱id:4790

[2021/3/3 16:44:41] INFO:大箱绑定，IMEI扫描：222222222222222
大箱id:4790

[2021/3/3 16:45:42] INFO:大箱绑定，IMEI扫描：123456789123456
大箱id:4791

[2021/3/3 16:45:48] INFO:大箱绑定，IMEI扫描：111111111111111
大箱id:4791

[2021/3/3 16:55:17] INFO:大箱绑定，IMEI扫描：123456789123456
大箱id:4792

[2021/3/3 16:55:38] INFO:大箱绑定，IMEI扫描：111111111111111
大箱id:4792

[2021/3/3 16:55:45] INFO:大箱绑定，IMEI扫描：222222222222222
大箱id:4792

[2021/3/3 16:56:01] INFO:大箱绑定，IMEI扫描：111111111111111
大箱id:4793

[2021/3/3 16:59:46] INFO:大箱绑定，IMEI扫描：123456789123456
大箱id:1852

[2021/3/3 16:59:52] INFO:大箱绑定，IMEI扫描：111111111111111
大箱id:1852

[2021/3/3 16:59:59] INFO:大箱绑定，IMEI扫描：222222222222222
大箱id:1852

[2021/3/3 17:00:12] INFO:大箱绑定，IMEI扫描：123456789123456
大箱id:4794

[2021/3/3 17:00:17] INFO:大箱绑定，IMEI扫描：111111111111111
大箱id:4794

